<?xml version="1.0" encoding="UTF-8"?>
<testsuite xmlns:xsi="http://www.w3.org/2001/XMLSchema-instance" xsi:noNamespaceSchemaLocation="https://maven.apache.org/surefire/maven-surefire-plugin/xsd/surefire-test-report.xsd" version="3.0.2" name="curso_spring_boot.CursoSpringBootApplicationTests" time="1.3" tests="1" errors="0" skipped="0" failures="0">
  <properties>
[...]
</properties>
  <testcase name="contextLoads" classname="curso_spring_boot.CursoSpringBootApplicationTests" time="0.017">
    <system-out><![CDATA[2025-04-01T12:22:38.716-04:00  INFO 10168 --- [mi_proyecto_spring_boot] [           main] t.c.s.AnnotationConfigContextLoaderUtils : Could not detect default configuration classes for test class [curso_spring_boot.CursoSpringBootApplicationTests]: CursoSpringBootApplicationTests does not declare any static, non-private, non-final, nested classes annotated with @Configuration.
2025-04-01T12:22:38.778-04:00  INFO 10168 --- [mi_proyecto_spring_boot] [           main] .b.t.c.SpringBootTestContextBootstrapper : Found @SpringBootConfiguration curso_spring_boot.CursoSpringBootApplication for test class curso_spring_boot.CursoSpringBootApplicationTests

  .   ____          _            __ _ _
 /\\ / ___'_ __ _ _(_)_ __  __ _ \ \ \ \
( ( )\___ | '_ | '_| | '_ \/ _` | \ \ \ \
 \\/  ___)| |_)| | | | | || (_| |  ) ) ) )
  '  |____| .__|_| |_|_| |_\__, | / / / /
 =========|_|==============|___/=/_/_/_/

 :: Spring Boot ::                (v3.4.4)

2025-04-01T12:22:38.856-04:00  INFO 10168 --- [mi_proyecto_spring_boot] [           main] c.CursoSpringBootApplicationTests        : Starting CursoSpringBootApplicationTests using Java 23.0.2 with PID 10168 (started by Genesis in C:\Users\Genesis\Desktop\u\I 2025\TAW\UNIVERSIDAD PROYECTO SPRING\universidad_spring_boot-main)
2025-04-01T12:22:38.856-04:00  INFO 10168 --- [mi_proyecto_spring_boot] [           main] c.CursoSpringBootApplicationTests        : No active profile set, falling back to 1 default profile: "default"
2025-04-01T12:22:39.965-04:00  INFO 10168 --- [mi_proyecto_spring_boot] [           main] o.s.b.a.e.web.EndpointLinksResolver      : Exposing 1 endpoint beneath base path '/actuator'
2025-04-01T12:22:39.997-04:00  INFO 10168 --- [mi_proyecto_spring_boot] [           main] c.CursoSpringBootApplicationTests        : Started CursoSpringBootApplicationTests in 1.203 seconds (process running for 10.327)
]]></system-out>
  </testcase>
</testsuite>